Performing C SOURCE FILE Test CMAKE_HAVE_LIBC_PTHREAD failed with the following output:
Change Dir: C:/Users/llt02/Desktop/Synthesizer/cmake-build-debug/CMakeFiles/CMakeScratch/TryCompile-u0s5bn

Run Build Command(s):C:/Program Files/JetBrains/CLion 2023.1.1/bin/ninja/win/x64/ninja.exe cmTC_97677 && [1/2] Building C object CMakeFiles/cmTC_97677.dir/src.c.obj
[2/2] Linking C executable cmTC_97677.exe
FAILED: cmTC_97677.exe 
cmd.exe /C "cd . && C:\PROGRA~1\MINGW-~1\mingw64\bin\gcc.exe   CMakeFiles/cmTC_97677.dir/src.c.obj -o cmTC_97677.exe -Wl,--out-implib,libcmTC_97677.dll.a -Wl,--major-image-version,0,--minor-image-version,0  -lkernel32 -luser32 -lgdi32 -lwinspool -lshell32 -lole32 -loleaut32 -luuid -lcomdlg32 -ladvapi32 && cd ."
C:/Program Files/mingw-w64/mingw64/bin/../lib/gcc/x86_64-w64-mingw32/13.2.0/../../../../x86_64-w64-mingw32/bin/ld.exe: CMakeFiles/cmTC_97677.dir/src.c.obj:src.c:(.text+0x35): undefined reference to `pthread_create'
C:/Program Files/mingw-w64/mingw64/bin/../lib/gcc/x86_64-w64-mingw32/13.2.0/../../../../x86_64-w64-mingw32/bin/ld.exe: CMakeFiles/cmTC_97677.dir/src.c.obj:src.c:(.text+0x41): undefined reference to `pthread_detach'
C:/Program Files/mingw-w64/mingw64/bin/../lib/gcc/x86_64-w64-mingw32/13.2.0/../../../../x86_64-w64-mingw32/bin/ld.exe: CMakeFiles/cmTC_97677.dir/src.c.obj:src.c:(.text+0x4d): undefined reference to `pthread_cancel'
C:/Program Files/mingw-w64/mingw64/bin/../lib/gcc/x86_64-w64-mingw32/13.2.0/../../../../x86_64-w64-mingw32/bin/ld.exe: CMakeFiles/cmTC_97677.dir/src.c.obj:src.c:(.text+0x5e): undefined reference to `pthread_join'
C:/Program Files/mingw-w64/mingw64/bin/../lib/gcc/x86_64-w64-mingw32/13.2.0/../../../../x86_64-w64-mingw32/bin/ld.exe: CMakeFiles/cmTC_97677.dir/src.c.obj:src.c:(.text+0x68): undefined reference to `pthread_exit'
collect2.exe: error: ld returned 1 exit status
ninja: build stopped: subcommand failed.


Source file was:
#include <pthread.h>

static void* test_func(void* data)
{
  return data;
}

int main(void)
{
  pthread_t thread;
  pthread_create(&thread, NULL, test_func, NULL);
  pthread_detach(thread);
  pthread_cancel(thread);
  pthread_join(thread, NULL);
  pthread_atfork(NULL, NULL, NULL);
  pthread_exit(NULL);

  return 0;
}


